{"level":"info","message":"Connected to Database.","timestamp":"14-09-2024 10:51:07.330 +01:00"}
{"level":"info","message":"server on port: 2005","timestamp":"14-09-2024 10:51:07.662 +01:00"}
{"level":"info","message":"Connected to Database.","timestamp":"14-09-2024 12:10:50.776 +01:00"}
{"level":"info","message":"server on port: 2005","timestamp":"14-09-2024 12:10:50.888 +01:00"}
{"level":"info","message":"Connected to Database.","timestamp":"14-09-2024 12:22:05.078 +01:00"}
{"level":"info","message":"server on port: 2005","timestamp":"14-09-2024 12:22:05.119 +01:00"}
{"level":"info","message":"Connected to Database.","timestamp":"14-09-2024 12:26:25.445 +01:00"}
{"level":"info","message":"server on port: 2005","timestamp":"14-09-2024 12:26:25.715 +01:00"}
{"level":"info","message":"Connected to Database.","timestamp":"14-09-2024 12:27:01.278 +01:00"}
{"level":"info","message":"server on port: 2005","timestamp":"14-09-2024 12:27:01.616 +01:00"}
{"level":"info","message":"Connected to Database.","timestamp":"14-09-2024 12:30:15.370 +01:00"}
{"level":"info","message":"server on port: 2005","timestamp":"14-09-2024 12:30:15.633 +01:00"}
{"level":"info","message":"Connected to Database.","timestamp":"14-09-2024 12:32:02.515 +01:00"}
{"level":"info","message":"server on port: 2005","timestamp":"14-09-2024 12:32:02.659 +01:00"}
{"level":"info","message":"Connected to Database.","timestamp":"14-09-2024 12:37:44.879 +01:00"}
{"level":"info","message":"server on port: 2005","timestamp":"14-09-2024 12:37:44.967 +01:00"}
{"level":"info","message":"Connected to Database.","timestamp":"14-09-2024 12:38:31.923 +01:00"}
{"level":"info","message":"server on port: 2005","timestamp":"14-09-2024 12:38:32.023 +01:00"}
{"level":"info","message":"Connected to Database.","timestamp":"14-09-2024 12:40:38.090 +01:00"}
{"level":"info","message":"server on port: 2005","timestamp":"14-09-2024 12:40:38.219 +01:00"}
{"level":"info","message":"Connected to Database.","timestamp":"14-09-2024 12:45:25.500 +01:00"}
{"level":"info","message":"server on port: 2005","timestamp":"14-09-2024 12:45:25.780 +01:00"}
{"level":"info","message":"Connected to Database.","timestamp":"14-09-2024 12:47:51.296 +01:00"}
{"level":"info","message":"server on port: 2005","timestamp":"14-09-2024 12:47:51.458 +01:00"}
{"level":"info","message":"Connected to Database.","timestamp":"14-09-2024 13:41:12.830 +01:00"}
{"level":"info","message":"server on port: 2005","timestamp":"14-09-2024 13:41:13.010 +01:00"}
{"level":"info","message":"Connected to Database.","timestamp":"14-09-2024 13:46:15.783 +01:00"}
{"level":"info","message":"server on port: 2005","timestamp":"14-09-2024 13:46:15.879 +01:00"}
{"level":"error","message":"[Unhandled Error] => ","timestamp":"14-09-2024 13:47:32.739 +01:00"}
{"level":"info","message":"Connected to Database.","timestamp":"14-09-2024 13:56:45.144 +01:00"}
{"level":"info","message":"server on port: 2005","timestamp":"14-09-2024 13:56:45.262 +01:00"}
{"level":"info","message":"Connected to Database.","timestamp":"14-09-2024 13:57:10.916 +01:00"}
{"level":"info","message":"server on port: 2005","timestamp":"14-09-2024 13:57:10.964 +01:00"}
{"level":"info","message":"Connected to Database.","timestamp":"14-09-2024 14:00:14.215 +01:00"}
{"level":"info","message":"server on port: 2005","timestamp":"14-09-2024 14:00:14.382 +01:00"}
{"level":"info","message":"Connected to Database.","timestamp":"14-09-2024 14:02:36.941 +01:00"}
{"level":"info","message":"server on port: 2005","timestamp":"14-09-2024 14:02:37.026 +01:00"}
{"level":"info","message":"Connected to Database.","timestamp":"14-09-2024 14:08:39.982 +01:00"}
{"level":"info","message":"server on port: 2005","timestamp":"14-09-2024 14:08:40.553 +01:00"}
{"level":"error","message":"[Unhandled Error] => ","timestamp":"14-09-2024 14:09:05.095 +01:00"}
{"level":"info","message":"Connected to Database.","timestamp":"14-09-2024 14:12:59.453 +01:00"}
{"level":"info","message":"server on port: 2005","timestamp":"14-09-2024 14:12:59.504 +01:00"}
{"level":"info","message":"Connected to Database.","timestamp":"14-09-2024 14:15:10.872 +01:00"}
{"level":"info","message":"server on port: 2005","timestamp":"14-09-2024 14:15:11.367 +01:00"}
{"level":"error","message":"[Unhandled Error] => ","timestamp":"14-09-2024 14:15:26.220 +01:00"}
{"level":"info","message":"Connected to Database.","timestamp":"14-09-2024 14:16:46.872 +01:00"}
{"level":"info","message":"server on port: 2005","timestamp":"14-09-2024 14:16:47.026 +01:00"}
{"level":"error","message":"[Unhandled Error] =>  Unknown column 'full_name' in 'field list'","name":"SequelizeDatabaseError","original":{"code":"ER_BAD_FIELD_ERROR","errno":1054,"sql":"SELECT `id`, `full_name` AS `fullName`, `email`, `password`, `phone`, `image`, `is_verified` AS `isVerified`, `is_admin` AS `isAdmin`, `balance`, `created_at` AS `createdAt`, `updated_at` AS `updatedAt` FROM `users` AS `User` WHERE `User`.`email` = 'anthonyodoh16@gmail.com';","sqlMessage":"Unknown column 'full_name' in 'field list'","sqlState":"42S22"},"parameters":{},"parent":{"code":"ER_BAD_FIELD_ERROR","errno":1054,"sql":"SELECT `id`, `full_name` AS `fullName`, `email`, `password`, `phone`, `image`, `is_verified` AS `isVerified`, `is_admin` AS `isAdmin`, `balance`, `created_at` AS `createdAt`, `updated_at` AS `updatedAt` FROM `users` AS `User` WHERE `User`.`email` = 'anthonyodoh16@gmail.com';","sqlMessage":"Unknown column 'full_name' in 'field list'","sqlState":"42S22"},"sql":"SELECT `id`, `full_name` AS `fullName`, `email`, `password`, `phone`, `image`, `is_verified` AS `isVerified`, `is_admin` AS `isAdmin`, `balance`, `created_at` AS `createdAt`, `updated_at` AS `updatedAt` FROM `users` AS `User` WHERE `User`.`email` = 'anthonyodoh16@gmail.com';","stack":"Error: \n    at Query.run (C:\\Users\\MAHAMA KAMANGATE\\Desktop\\koraPay_API\\node_modules\\sequelize\\src\\dialects\\mysql\\query.js:46:25)\n    at C:\\Users\\MAHAMA KAMANGATE\\Desktop\\koraPay_API\\node_modules\\sequelize\\src\\sequelize.js:650:28\n    at processTicksAndRejections (node:internal/process/task_queues:95:5)\n    at MySQLQueryInterface.select (C:\\Users\\MAHAMA KAMANGATE\\Desktop\\koraPay_API\\node_modules\\sequelize\\src\\dialects\\abstract\\query-interface.js:1001:12)\n    at Function.findAll (C:\\Users\\MAHAMA KAMANGATE\\Desktop\\koraPay_API\\node_modules\\sequelize\\src\\model.js:1824:21)\n    at Function.findOne (C:\\Users\\MAHAMA KAMANGATE\\Desktop\\koraPay_API\\node_modules\\sequelize\\src\\model.js:1998:12)","timestamp":"14-09-2024 14:16:55.244 +01:00"}
{"level":"info","message":"Connected to Database.","timestamp":"14-09-2024 14:22:39.031 +01:00"}
{"level":"info","message":"server on port: 2005","timestamp":"14-09-2024 14:22:39.176 +01:00"}
{"level":"info","message":"Connected to Database.","timestamp":"14-09-2024 14:25:02.126 +01:00"}
{"level":"info","message":"server on port: 2005","timestamp":"14-09-2024 14:25:02.323 +01:00"}
{"level":"info","message":"Connected to Database.","timestamp":"14-09-2024 14:27:11.126 +01:00"}
{"level":"info","message":"server on port: 2005","timestamp":"14-09-2024 14:27:11.267 +01:00"}
{"level":"info","message":"Connected to Database.","timestamp":"14-09-2024 18:41:38.349 +01:00"}
{"level":"info","message":"server on port: 2005","timestamp":"14-09-2024 18:41:38.534 +01:00"}
{"level":"info","message":"Connected to Database.","timestamp":"14-09-2024 18:42:08"}
{"level":"info","message":"server on port: 2005","timestamp":"14-09-2024 18:42:08"}
{"level":"info","message":"User Registration Successfull","timestamp":"14-09-2024 18:42:27"}
{"level":"info","message":"Connected to Database.","timestamp":"14-09-2024 19:03:57"}
{"level":"info","message":"server on port: 2005","timestamp":"14-09-2024 19:03:57"}
{"level":"info","message":"Connected to Database.","timestamp":"14-09-2024 19:09:07"}
{"level":"info","message":"server on port: 2005","timestamp":"14-09-2024 19:09:07"}
{"level":"info","message":"Connected to Database.","timestamp":"14-09-2024 19:11:39"}
{"level":"info","message":"server on port: 2005","timestamp":"14-09-2024 19:11:39"}
{"level":"info","message":"Connected to Database.","timestamp":"14-09-2024 19:13:18"}
{"level":"info","message":"server on port: 2005","timestamp":"14-09-2024 19:13:18"}
{"level":"info","message":"Connected to Database.","timestamp":"14-09-2024 19:13:47"}
{"level":"info","message":"server on port: 2005","timestamp":"14-09-2024 19:13:47"}
{"level":"info","message":"Connected to Database.","timestamp":"14-09-2024 19:15:28"}
{"level":"info","message":"server on port: 2005","timestamp":"14-09-2024 19:15:29"}
{"level":"info","message":"Connected to Database.","timestamp":"14-09-2024 19:26:14"}
{"level":"info","message":"server on port: 2005","timestamp":"14-09-2024 19:26:15"}
{"level":"info","message":"Connected to Database.","timestamp":"14-09-2024 19:34:47"}
{"level":"info","message":"server on port: 2005","timestamp":"14-09-2024 19:34:47"}
{"level":"info","message":"Connected to Database.","timestamp":"14-09-2024 19:38:03"}
{"level":"info","message":"server on port: 2005","timestamp":"14-09-2024 19:38:04"}
{"level":"info","message":"Connected to Database.","timestamp":"14-09-2024 19:48:20"}
{"level":"info","message":"server on port: 2005","timestamp":"14-09-2024 19:48:20"}
{"level":"info","message":"Connected to Database.","timestamp":"14-09-2024 19:58:40"}
{"level":"info","message":"server on port: 2005","timestamp":"14-09-2024 19:58:40"}
{"level":"info","message":"Connected to Database.","timestamp":"14-09-2024 20:01:08"}
{"level":"info","message":"server on port: 2005","timestamp":"14-09-2024 20:01:08"}
{"level":"info","message":"Connected to Database.","timestamp":"14-09-2024 20:10:06"}
{"level":"info","message":"server on port: 2005","timestamp":"14-09-2024 20:10:06"}
{"level":"info","message":"Connected to Database.","timestamp":"14-09-2024 20:20:52"}
{"level":"info","message":"server on port: 2005","timestamp":"14-09-2024 20:20:52"}
{"level":"info","message":"Connected to Database.","timestamp":"14-09-2024 20:29:49"}
{"level":"info","message":"server on port: 2005","timestamp":"14-09-2024 20:29:50"}
{"level":"info","message":"User Registration Successfull","timestamp":"14-09-2024 20:31:01"}
{"level":"info","message":"Connected to Database.","timestamp":"14-09-2024 20:34:39"}
{"level":"info","message":"server on port: 2005","timestamp":"14-09-2024 20:34:39"}
{"level":"info","message":"Connected to Database.","timestamp":"14-09-2024 20:41:04"}
{"level":"info","message":"server on port: 2005","timestamp":"14-09-2024 20:41:04"}
{"level":"info","message":"Connected to Database.","timestamp":"14-09-2024 20:44:09"}
{"level":"info","message":"server on port: 2005","timestamp":"14-09-2024 20:44:10"}
{"level":"info","message":"Connected to Database.","timestamp":"14-09-2024 20:47:24"}
{"level":"info","message":"server on port: 2005","timestamp":"14-09-2024 20:47:24"}
{"level":"info","message":"Connected to Database.","timestamp":"14-09-2024 22:04:25"}
{"level":"info","message":"server on port: 2005","timestamp":"14-09-2024 22:04:27"}
{"level":"info","message":"Connected to Database.","timestamp":"15-09-2024 05:07:53"}
{"level":"info","message":"server on port: 2005","timestamp":"15-09-2024 05:07:53"}
{"level":"info","message":"Connected to Database.","timestamp":"15-09-2024 05:14:44"}
{"level":"info","message":"server on port: 2005","timestamp":"15-09-2024 05:14:45"}
{"level":"info","message":"Connected to Database.","timestamp":"15-09-2024 05:20:01"}
{"level":"info","message":"server on port: 2005","timestamp":"15-09-2024 05:20:01"}
{"level":"info","message":"Connected to Database.","timestamp":"15-09-2024 05:26:47"}
{"level":"info","message":"server on port: 2005","timestamp":"15-09-2024 05:26:48"}
{"level":"info","message":"Connected to Database.","timestamp":"15-09-2024 05:38:49"}
{"level":"info","message":"server on port: 2005","timestamp":"15-09-2024 05:38:49"}
{"level":"info","message":"Login Successfull","timestamp":"15-09-2024 05:39:33"}
{"level":"info","message":"Connected to Database.","timestamp":"15-09-2024 05:43:43"}
{"level":"info","message":"server on port: 2005","timestamp":"15-09-2024 05:43:43"}
{"level":"info","message":"Connected to Database.","timestamp":"15-09-2024 05:46:55"}
{"level":"info","message":"server on port: 2005","timestamp":"15-09-2024 05:46:55"}
{"level":"info","message":"Connected to Database.","timestamp":"15-09-2024 05:48:17"}
{"level":"info","message":"server on port: 2005","timestamp":"15-09-2024 05:48:17"}
{"level":"info","message":"Connected to Database.","timestamp":"15-09-2024 05:51:14"}
{"level":"info","message":"server on port: 2005","timestamp":"15-09-2024 05:51:14"}
{"level":"info","message":"Connected to Database.","timestamp":"15-09-2024 05:55:43"}
{"level":"info","message":"server on port: 2005","timestamp":"15-09-2024 05:55:43"}
{"level":"info","message":"Connected to Database.","timestamp":"15-09-2024 05:57:49"}
{"level":"info","message":"server on port: 2005","timestamp":"15-09-2024 05:57:49"}
{"level":"info","message":"Connected to Database.","timestamp":"15-09-2024 06:02:02"}
{"level":"info","message":"server on port: 2005","timestamp":"15-09-2024 06:02:02"}
{"level":"info","message":"Connected to Database.","timestamp":"15-09-2024 06:03:28"}
{"level":"info","message":"server on port: 2005","timestamp":"15-09-2024 06:03:28"}
{"level":"info","message":"Connected to Database.","timestamp":"15-09-2024 06:04:39"}
{"level":"info","message":"server on port: 2005","timestamp":"15-09-2024 06:04:39"}
{"level":"info","message":"Connected to Database.","timestamp":"15-09-2024 06:06:04"}
{"level":"info","message":"server on port: 2005","timestamp":"15-09-2024 06:06:05"}
{"level":"info","message":"Connected to Database.","timestamp":"15-09-2024 06:07:48"}
{"level":"info","message":"server on port: 2005","timestamp":"15-09-2024 06:07:48"}
{"level":"info","message":"Connected to Database.","timestamp":"15-09-2024 06:08:57"}
{"level":"info","message":"server on port: 2005","timestamp":"15-09-2024 06:08:57"}
{"level":"info","message":"Login Successfull","timestamp":"15-09-2024 06:09:06"}
{"level":"info","message":"Connected to Database.","timestamp":"15-09-2024 11:41:52"}
{"level":"info","message":"server on port: 2005","timestamp":"15-09-2024 11:41:52"}
{"level":"info","message":"Connected to Database.","timestamp":"15-09-2024 11:48:27"}
{"level":"info","message":"server on port: 2005","timestamp":"15-09-2024 11:48:27"}
{"level":"info","message":"Login Successfull","timestamp":"15-09-2024 11:49:11"}
{"level":"info","message":"Connected to Database.","timestamp":"15-09-2024 12:25:48"}
{"level":"info","message":"server on port: 2005","timestamp":"15-09-2024 12:25:48"}
{"level":"info","message":"Connected to Database.","timestamp":"15-09-2024 12:31:25"}
{"level":"info","message":"server on port: 2005","timestamp":"15-09-2024 12:31:25"}
{"level":"info","message":"Connected to Database.","timestamp":"15-09-2024 12:34:14"}
{"level":"info","message":"server on port: 2005","timestamp":"15-09-2024 12:34:15"}
{"level":"info","message":"Connected to Database.","timestamp":"15-09-2024 12:35:30"}
{"level":"info","message":"server on port: 2005","timestamp":"15-09-2024 12:35:30"}
{"level":"info","message":"Connected to Database.","timestamp":"15-09-2024 12:40:57"}
{"level":"info","message":"server on port: 2005","timestamp":"15-09-2024 12:40:57"}
{"level":"info","message":"Connected to Database.","timestamp":"15-09-2024 12:41:36"}
{"level":"info","message":"server on port: 2005","timestamp":"15-09-2024 12:41:37"}
{"level":"info","message":"Connected to Database.","timestamp":"15-09-2024 12:43:01"}
{"level":"info","message":"server on port: 2005","timestamp":"15-09-2024 12:43:01"}
{"level":"info","message":"Connected to Database.","timestamp":"15-09-2024 12:54:22"}
{"level":"info","message":"server on port: 2005","timestamp":"15-09-2024 12:54:22"}
{"level":"info","message":"Connected to Database.","timestamp":"15-09-2024 12:55:25"}
{"level":"info","message":"server on port: 2005","timestamp":"15-09-2024 12:55:25"}
{"level":"info","message":"Connected to Database.","timestamp":"15-09-2024 12:56:08"}
{"level":"info","message":"server on port: 2005","timestamp":"15-09-2024 12:56:08"}
{"level":"info","message":"Connected to Database.","timestamp":"15-09-2024 13:00:22"}
{"level":"info","message":"server on port: 2005","timestamp":"15-09-2024 13:00:22"}
{"level":"info","message":"Connected to Database.","timestamp":"15-09-2024 13:05:32"}
{"level":"info","message":"server on port: 2005","timestamp":"15-09-2024 13:05:33"}
{"level":"info","message":"Connected to Database.","timestamp":"15-09-2024 14:12:34"}
{"level":"info","message":"server on port: 2005","timestamp":"15-09-2024 14:12:34"}
{"level":"info","message":"Connected to Database.","timestamp":"15-09-2024 14:13:43"}
{"level":"info","message":"server on port: 2005","timestamp":"15-09-2024 14:13:43"}
{"level":"info","message":"Connected to Database.","timestamp":"15-09-2024 14:16:47"}
{"level":"info","message":"server on port: 2005","timestamp":"15-09-2024 14:16:48"}
{"level":"info","message":"Connected to Database.","timestamp":"15-09-2024 14:19:09"}
{"level":"info","message":"server on port: 2005","timestamp":"15-09-2024 14:19:09"}
{"level":"info","message":"Connected to Database.","timestamp":"15-09-2024 14:20:16"}
{"level":"info","message":"server on port: 2005","timestamp":"15-09-2024 14:20:16"}
{"level":"info","message":"Connected to Database.","timestamp":"15-09-2024 14:28:25"}
{"level":"info","message":"server on port: 2005","timestamp":"15-09-2024 14:28:25"}
{"level":"info","message":"Connected to Database.","timestamp":"15-09-2024 14:29:39"}
{"level":"info","message":"server on port: 2005","timestamp":"15-09-2024 14:29:39"}
{"level":"info","message":"Connected to Database.","timestamp":"15-09-2024 14:30:46"}
{"level":"info","message":"server on port: 2005","timestamp":"15-09-2024 14:30:46"}
{"level":"info","message":"Connected to Database.","timestamp":"15-09-2024 14:32:34"}
{"level":"info","message":"server on port: 2005","timestamp":"15-09-2024 14:32:34"}
{"level":"info","message":"User Found","timestamp":"15-09-2024 14:33:19"}
{"level":"info","message":"Connected to Database.","timestamp":"15-09-2024 17:59:38"}
{"level":"info","message":"server on port: 2005","timestamp":"15-09-2024 17:59:38"}
{"level":"info","message":"Connected to Database.","timestamp":"15-09-2024 18:03:27"}
{"level":"info","message":"server on port: 2005","timestamp":"15-09-2024 18:03:27"}
{"level":"info","message":"Connected to Database.","timestamp":"15-09-2024 18:06:34"}
{"level":"info","message":"server on port: 2005","timestamp":"15-09-2024 18:06:34"}
{"level":"info","message":"Connected to Database.","timestamp":"15-09-2024 18:07:11"}
{"level":"info","message":"server on port: 2005","timestamp":"15-09-2024 18:07:11"}
{"level":"info","message":"Connected to Database.","timestamp":"15-09-2024 18:17:09"}
{"level":"info","message":"server on port: 2005","timestamp":"15-09-2024 18:17:09"}
{"level":"info","message":"Connected to Database.","timestamp":"15-09-2024 18:20:52"}
{"level":"info","message":"server on port: 2005","timestamp":"15-09-2024 18:20:52"}
{"level":"info","message":"Connected to Database.","timestamp":"15-09-2024 18:22:15"}
{"level":"info","message":"server on port: 2005","timestamp":"15-09-2024 18:22:15"}
{"level":"info","message":"Connected to Database.","timestamp":"15-09-2024 18:22:37"}
{"level":"info","message":"server on port: 2005","timestamp":"15-09-2024 18:22:37"}
{"level":"info","message":"Connected to Database.","timestamp":"15-09-2024 18:23:35"}
{"level":"info","message":"server on port: 2005","timestamp":"15-09-2024 18:23:35"}
{"level":"info","message":"Connected to Database.","timestamp":"15-09-2024 18:24:23"}
{"level":"info","message":"server on port: 2005","timestamp":"15-09-2024 18:24:23"}
{"level":"info","message":"Connected to Database.","timestamp":"15-09-2024 18:25:04"}
{"level":"info","message":"server on port: 2005","timestamp":"15-09-2024 18:25:04"}
{"level":"info","message":"Connected to Database.","timestamp":"15-09-2024 18:25:49"}
{"level":"info","message":"server on port: 2005","timestamp":"15-09-2024 18:25:49"}
{"level":"info","message":"Connected to Database.","timestamp":"15-09-2024 18:26:28"}
{"level":"info","message":"server on port: 2005","timestamp":"15-09-2024 18:26:28"}
{"level":"info","message":"Connected to Database.","timestamp":"15-09-2024 18:27:31"}
{"level":"info","message":"server on port: 2005","timestamp":"15-09-2024 18:27:31"}
{"level":"info","message":"Connected to Database.","timestamp":"15-09-2024 18:31:16"}
{"level":"info","message":"server on port: 2005","timestamp":"15-09-2024 18:31:16"}
{"level":"info","message":"Connected to Database.","timestamp":"15-09-2024 18:33:29"}
{"level":"info","message":"server on port: 2005","timestamp":"15-09-2024 18:33:29"}
{"level":"info","message":"Connected to Database.","timestamp":"15-09-2024 18:33:54"}
{"level":"info","message":"server on port: 2005","timestamp":"15-09-2024 18:33:54"}
{"level":"info","message":"Connected to Database.","timestamp":"15-09-2024 18:35:52"}
{"level":"info","message":"server on port: 2005","timestamp":"15-09-2024 18:35:52"}
{"level":"info","message":"Connected to Database.","timestamp":"15-09-2024 18:36:56"}
{"level":"info","message":"server on port: 2005","timestamp":"15-09-2024 18:36:56"}
{"level":"info","message":"Connected to Database.","timestamp":"15-09-2024 18:38:02"}
{"level":"info","message":"server on port: 2005","timestamp":"15-09-2024 18:38:02"}
{"level":"info","message":"Connected to Database.","timestamp":"15-09-2024 18:38:27"}
{"level":"info","message":"server on port: 2005","timestamp":"15-09-2024 18:38:28"}
{"level":"info","message":"Connected to Database.","timestamp":"15-09-2024 18:40:42"}
{"level":"info","message":"server on port: 2005","timestamp":"15-09-2024 18:40:42"}
{"level":"info","message":"Connected to Database.","timestamp":"15-09-2024 18:42:15"}
{"level":"info","message":"server on port: 2005","timestamp":"15-09-2024 18:42:15"}
{"level":"info","message":"Connected to Database.","timestamp":"15-09-2024 18:45:16"}
{"level":"info","message":"server on port: 2005","timestamp":"15-09-2024 18:45:16"}
{"level":"info","message":"Connected to Database.","timestamp":"15-09-2024 18:46:37"}
{"level":"info","message":"server on port: 2005","timestamp":"15-09-2024 18:46:38"}
{"level":"info","message":"Connected to Database.","timestamp":"15-09-2024 18:47:36"}
{"level":"info","message":"server on port: 2005","timestamp":"15-09-2024 18:47:36"}
{"level":"info","message":"Connected to Database.","timestamp":"15-09-2024 18:48:12"}
{"level":"info","message":"server on port: 2005","timestamp":"15-09-2024 18:48:12"}
{"level":"info","message":"Connected to Database.","timestamp":"15-09-2024 18:50:13"}
{"level":"info","message":"server on port: 2005","timestamp":"15-09-2024 18:50:13"}
{"level":"info","message":"Connected to Database.","timestamp":"15-09-2024 18:53:50"}
{"level":"info","message":"server on port: 2005","timestamp":"15-09-2024 18:53:50"}
{"level":"info","message":"Update successful","timestamp":"15-09-2024 18:53:58"}
{"level":"info","message":"Connected to Database.","timestamp":"15-09-2024 18:55:45"}
{"level":"info","message":"server on port: 2005","timestamp":"15-09-2024 18:55:45"}
{"level":"info","message":"Update successful","timestamp":"15-09-2024 18:55:50"}
{"level":"info","message":"Connected to Database.","timestamp":"15-09-2024 18:57:15"}
{"level":"info","message":"server on port: 2005","timestamp":"15-09-2024 18:57:15"}
{"level":"info","message":"Connected to Database.","timestamp":"15-09-2024 18:59:01"}
{"level":"info","message":"server on port: 2005","timestamp":"15-09-2024 18:59:01"}
{"level":"info","message":"Update successful","timestamp":"15-09-2024 19:02:01"}
{"level":"info","message":"Update successful","timestamp":"15-09-2024 19:02:33"}
{"level":"info","message":"Update successful","timestamp":"15-09-2024 19:02:39"}
{"level":"info","message":"Connected to Database.","timestamp":"15-09-2024 19:08:23"}
{"level":"info","message":"server on port: 2005","timestamp":"15-09-2024 19:08:23"}
{"level":"info","message":"Update successful","timestamp":"15-09-2024 19:08:48"}
{"level":"info","message":"Connected to Database.","timestamp":"15-09-2024 19:12:45"}
{"level":"info","message":"server on port: 2005","timestamp":"15-09-2024 19:12:46"}
{"level":"info","message":"Connected to Database.","timestamp":"15-09-2024 19:31:57"}
{"level":"info","message":"server on port: 2005","timestamp":"15-09-2024 19:31:57"}
{"level":"info","message":"Connected to Database.","timestamp":"15-09-2024 19:51:04"}
{"level":"info","message":"server on port: 2005","timestamp":"15-09-2024 19:51:04"}
{"level":"info","message":"Connected to Database.","timestamp":"15-09-2024 20:48:45"}
{"level":"info","message":"server on port: 2005","timestamp":"15-09-2024 20:48:45"}
{"level":"info","message":"Connected to Database.","timestamp":"15-09-2024 21:19:02"}
{"level":"info","message":"server on port: 2005","timestamp":"15-09-2024 21:19:02"}
{"level":"info","message":"Connected to Database.","timestamp":"15-09-2024 21:19:36"}
{"level":"info","message":"server on port: 2005","timestamp":"15-09-2024 21:19:36"}
{"level":"info","message":"Connected to Database.","timestamp":"15-09-2024 21:28:20"}
{"level":"info","message":"server on port: 2005","timestamp":"15-09-2024 21:28:20"}
{"level":"info","message":"Connected to Database.","timestamp":"15-09-2024 21:29:35"}
{"level":"info","message":"server on port: 2005","timestamp":"15-09-2024 21:29:35"}
{"level":"info","message":"Connected to Database.","timestamp":"15-09-2024 21:30:32"}
{"level":"info","message":"server on port: 2005","timestamp":"15-09-2024 21:30:32"}
{"level":"info","message":"Connected to Database.","timestamp":"15-09-2024 21:31:18"}
{"level":"info","message":"server on port: 2005","timestamp":"15-09-2024 21:31:18"}
{"level":"info","message":"Connected to Database.","timestamp":"15-09-2024 21:31:46"}
{"level":"info","message":"server on port: 2005","timestamp":"15-09-2024 21:31:46"}
{"level":"info","message":"Connected to Database.","timestamp":"15-09-2024 21:33:32"}
{"level":"info","message":"server on port: 2005","timestamp":"15-09-2024 21:33:32"}
{"level":"info","message":"Connected to Database.","timestamp":"15-09-2024 21:35:28"}
{"level":"info","message":"server on port: 2005","timestamp":"15-09-2024 21:35:28"}
{"level":"info","message":"Connected to Database.","timestamp":"15-09-2024 21:39:46"}
{"level":"info","message":"server on port: 2005","timestamp":"15-09-2024 21:39:46"}
{"level":"info","message":"Connected to Database.","timestamp":"15-09-2024 21:40:21"}
{"level":"info","message":"server on port: 2005","timestamp":"15-09-2024 21:40:21"}
{"level":"info","message":"Connected to Database.","timestamp":"15-09-2024 21:42:54"}
{"level":"info","message":"server on port: 2005","timestamp":"15-09-2024 21:42:54"}
{"level":"info","message":"Connected to Database.","timestamp":"15-09-2024 21:44:59"}
{"level":"info","message":"server on port: 2005","timestamp":"15-09-2024 21:44:59"}
{"level":"info","message":"Connected to Database.","timestamp":"15-09-2024 21:46:10"}
{"level":"info","message":"server on port: 2005","timestamp":"15-09-2024 21:46:10"}
{"level":"info","message":"Connected to Database.","timestamp":"15-09-2024 21:47:05"}
{"level":"info","message":"server on port: 2005","timestamp":"15-09-2024 21:47:06"}
{"level":"info","message":"Connected to Database.","timestamp":"15-09-2024 21:47:46"}
{"level":"info","message":"server on port: 2005","timestamp":"15-09-2024 21:47:46"}
{"level":"info","message":"Connected to Database.","timestamp":"15-09-2024 21:50:49"}
{"level":"info","message":"server on port: 2005","timestamp":"15-09-2024 21:50:49"}
{"level":"info","message":"Connected to Database.","timestamp":"15-09-2024 21:55:11"}
{"level":"info","message":"server on port: 2005","timestamp":"15-09-2024 21:55:12"}
{"level":"info","message":"Connected to Database.","timestamp":"15-09-2024 21:56:21"}
{"level":"info","message":"server on port: 2005","timestamp":"15-09-2024 21:56:21"}
{"level":"info","message":"Connected to Database.","timestamp":"15-09-2024 21:59:05"}
{"level":"info","message":"server on port: 2005","timestamp":"15-09-2024 21:59:05"}
{"level":"info","message":"Connected to Database.","timestamp":"15-09-2024 21:59:49"}
{"level":"info","message":"server on port: 2005","timestamp":"15-09-2024 21:59:49"}
{"level":"info","message":"Connected to Database.","timestamp":"15-09-2024 22:00:53"}
{"level":"info","message":"server on port: 2005","timestamp":"15-09-2024 22:00:53"}
{"level":"info","message":"Connected to Database.","timestamp":"15-09-2024 22:07:06"}
{"level":"info","message":"server on port: 2005","timestamp":"15-09-2024 22:07:06"}
{"level":"info","message":"Connected to Database.","timestamp":"15-09-2024 22:20:18"}
{"level":"info","message":"server on port: 2005","timestamp":"15-09-2024 22:20:18"}
{"level":"info","message":"Connected to Database.","timestamp":"15-09-2024 22:22:00"}
{"level":"info","message":"server on port: 2005","timestamp":"15-09-2024 22:22:00"}
{"level":"info","message":"Connected to Database.","timestamp":"15-09-2024 22:26:17"}
{"level":"info","message":"server on port: 2005","timestamp":"15-09-2024 22:26:17"}
{"level":"info","message":"Connected to Database.","timestamp":"15-09-2024 22:28:55"}
{"level":"info","message":"server on port: 2005","timestamp":"15-09-2024 22:28:55"}
{"level":"info","message":"Connected to Database.","timestamp":"15-09-2024 22:30:41"}
{"level":"info","message":"server on port: 2005","timestamp":"15-09-2024 22:30:41"}
{"level":"info","message":"Connected to Database.","timestamp":"15-09-2024 22:31:52"}
{"level":"info","message":"server on port: 2005","timestamp":"15-09-2024 22:31:52"}
{"level":"info","message":"Connected to Database.","timestamp":"15-09-2024 22:33:13"}
{"level":"info","message":"server on port: 2005","timestamp":"15-09-2024 22:33:13"}
{"level":"info","message":"Connected to Database.","timestamp":"15-09-2024 22:34:15"}
{"level":"info","message":"server on port: 2005","timestamp":"15-09-2024 22:34:15"}
{"level":"info","message":"Connected to Database.","timestamp":"15-09-2024 22:35:29"}
{"level":"info","message":"server on port: 2005","timestamp":"15-09-2024 22:35:29"}
{"level":"info","message":"Connected to Database.","timestamp":"15-09-2024 22:36:40"}
{"level":"info","message":"server on port: 2005","timestamp":"15-09-2024 22:36:40"}
{"level":"info","message":"Connected to Database.","timestamp":"15-09-2024 22:37:33"}
{"level":"info","message":"server on port: 2005","timestamp":"15-09-2024 22:37:33"}
{"level":"info","message":"Connected to Database.","timestamp":"15-09-2024 22:38:00"}
{"level":"info","message":"server on port: 2005","timestamp":"15-09-2024 22:38:01"}
{"level":"info","message":"Connected to Database.","timestamp":"15-09-2024 22:39:21"}
{"level":"info","message":"server on port: 2005","timestamp":"15-09-2024 22:39:21"}
{"level":"info","message":"Connected to Database.","timestamp":"15-09-2024 22:45:22"}
{"level":"info","message":"server on port: 2005","timestamp":"15-09-2024 22:45:22"}
{"level":"info","message":"Connected to Database.","timestamp":"15-09-2024 22:48:48"}
{"level":"info","message":"server on port: 2005","timestamp":"15-09-2024 22:48:48"}
{"level":"info","message":"Connected to Database.","timestamp":"15-09-2024 22:49:34"}
{"level":"info","message":"server on port: 2005","timestamp":"15-09-2024 22:49:34"}
{"level":"info","message":"Connected to Database.","timestamp":"15-09-2024 22:50:38"}
{"level":"info","message":"server on port: 2005","timestamp":"15-09-2024 22:50:38"}
{"level":"info","message":"Connected to Database.","timestamp":"15-09-2024 22:51:31"}
{"level":"info","message":"server on port: 2005","timestamp":"15-09-2024 22:51:31"}
{"level":"info","message":"Connected to Database.","timestamp":"15-09-2024 22:52:09"}
{"level":"info","message":"server on port: 2005","timestamp":"15-09-2024 22:52:09"}
{"level":"info","message":"Connected to Database.","timestamp":"15-09-2024 22:52:54"}
{"level":"info","message":"server on port: 2005","timestamp":"15-09-2024 22:52:54"}
{"level":"info","message":"Connected to Database.","timestamp":"15-09-2024 22:53:24"}
{"level":"info","message":"server on port: 2005","timestamp":"15-09-2024 22:53:24"}
{"level":"info","message":"Connected to Database.","timestamp":"15-09-2024 22:55:10"}
{"level":"info","message":"server on port: 2005","timestamp":"15-09-2024 22:55:10"}
{"level":"info","message":"Connected to Database.","timestamp":"15-09-2024 22:56:26"}
{"level":"info","message":"server on port: 2005","timestamp":"15-09-2024 22:56:26"}
{"level":"info","message":"Connected to Database.","timestamp":"15-09-2024 22:57:14"}
{"level":"info","message":"server on port: 2005","timestamp":"15-09-2024 22:57:14"}
{"level":"info","message":"Connected to Database.","timestamp":"15-09-2024 22:59:26"}
{"level":"info","message":"server on port: 2005","timestamp":"15-09-2024 22:59:26"}
{"level":"info","message":"Connected to Database.","timestamp":"15-09-2024 22:59:56"}
{"level":"info","message":"server on port: 2005","timestamp":"15-09-2024 22:59:56"}
{"level":"info","message":"Connected to Database.","timestamp":"15-09-2024 23:00:40"}
{"level":"info","message":"server on port: 2005","timestamp":"15-09-2024 23:00:40"}
{"level":"info","message":"Connected to Database.","timestamp":"16-09-2024 04:02:20"}
{"level":"info","message":"server on port: 2005","timestamp":"16-09-2024 04:02:20"}
{"level":"info","message":"User Found","timestamp":"16-09-2024 04:05:25"}
{"level":"info","message":"Connected to Database.","timestamp":"16-09-2024 04:07:11"}
{"level":"info","message":"server on port: 2005","timestamp":"16-09-2024 04:07:11"}
{"code":"ENOENT","errno":-4058,"level":"error","message":"[Unhandled Error] =>  ENOENT: no such file or directory, open 'C:\\Users\\MAHAMA KAMANGATE\\Desktop\\koraPay_API\\uploads\\1726456069017-20240306_045613.jpg'","path":"C:\\Users\\MAHAMA KAMANGATE\\Desktop\\koraPay_API\\uploads\\1726456069017-20240306_045613.jpg","stack":"Error: ENOENT: no such file or directory, open 'C:\\Users\\MAHAMA KAMANGATE\\Desktop\\koraPay_API\\uploads\\1726456069017-20240306_045613.jpg'","storageErrors":[],"syscall":"open","timestamp":"16-09-2024 04:07:49"}
{"level":"info","message":"Connected to Database.","timestamp":"16-09-2024 04:09:50"}
{"level":"info","message":"server on port: 2005","timestamp":"16-09-2024 04:09:50"}
{"code":"ENOENT","errno":-4058,"level":"error","message":"[Unhandled Error] =>  ENOENT: no such file or directory, open 'C:\\Users\\MAHAMA KAMANGATE\\Desktop\\koraPay_API\\uploads\\1726456195566-20240306_045613.jpg'","path":"C:\\Users\\MAHAMA KAMANGATE\\Desktop\\koraPay_API\\uploads\\1726456195566-20240306_045613.jpg","stack":"Error: ENOENT: no such file or directory, open 'C:\\Users\\MAHAMA KAMANGATE\\Desktop\\koraPay_API\\uploads\\1726456195566-20240306_045613.jpg'","storageErrors":[],"syscall":"open","timestamp":"16-09-2024 04:09:55"}
{"level":"info","message":"Connected to Database.","timestamp":"16-09-2024 04:12:03"}
{"level":"info","message":"server on port: 2005","timestamp":"16-09-2024 04:12:03"}
{"code":"ERR_INVALID_ARG_TYPE","level":"error","message":"[Unhandled Error] =>  The \"path\" argument must be of type string. Received an instance of Object","stack":"TypeError: The \"path\" argument must be of type string. Received an instance of Object\n    at validateString (node:internal/validators:162:11)\n    at basename (node:path:756:5)\n    at post (C:\\Users\\MAHAMA KAMANGATE\\Desktop\\koraPay_API\\node_modules\\cloudinary\\lib\\uploader.js:556:84)\n    at call_api (C:\\Users\\MAHAMA KAMANGATE\\Desktop\\koraPay_API\\node_modules\\cloudinary\\lib\\uploader.js:540:16)\n    at Object.upload (C:\\Users\\MAHAMA KAMANGATE\\Desktop\\koraPay_API\\node_modules\\cloudinary\\lib\\uploader.js:53:10)\n    at Object.upload (C:\\Users\\MAHAMA KAMANGATE\\Desktop\\koraPay_API\\node_modules\\cloudinary\\lib\\utils\\index.js:1397:21)\n    at C:\\Users\\MAHAMA KAMANGATE\\Desktop\\koraPay_API\\src\\core\\controllers\\user.ts:162:46\n    at Generator.next (<anonymous>)\n    at fulfilled (C:\\Users\\MAHAMA KAMANGATE\\Desktop\\koraPay_API\\src\\core\\controllers\\user.ts:5:58)\n    at processTicksAndRejections (node:internal/process/task_queues:95:5)","timestamp":"16-09-2024 04:12:08"}
{"level":"info","message":"Connected to Database.","timestamp":"16-09-2024 04:14:56"}
{"level":"info","message":"server on port: 2005","timestamp":"16-09-2024 04:14:56"}
{"level":"info","message":"Connected to Database.","timestamp":"16-09-2024 04:15:54"}
{"level":"info","message":"server on port: 2005","timestamp":"16-09-2024 04:15:54"}
{"level":"info","message":"Connected to Database.","timestamp":"16-09-2024 04:16:13"}
{"level":"info","message":"server on port: 2005","timestamp":"16-09-2024 04:16:13"}
{"level":"info","message":"UPLOAD SUCCESSFUL","timestamp":"16-09-2024 04:16:27"}
{"level":"info","message":"Connected to Database.","timestamp":"16-09-2024 04:21:01"}
{"level":"info","message":"server on port: 2005","timestamp":"16-09-2024 04:21:01"}
{"level":"info","message":"Connected to Database.","timestamp":"16-09-2024 04:26:45"}
{"level":"info","message":"server on port: 2005","timestamp":"16-09-2024 04:26:46"}
{"level":"info","message":"Connected to Database.","timestamp":"16-09-2024 04:28:22"}
{"level":"info","message":"server on port: 2005","timestamp":"16-09-2024 04:28:22"}
{"level":"info","message":"Connected to Database.","timestamp":"16-09-2024 04:42:14"}
{"level":"info","message":"server on port: 2005","timestamp":"16-09-2024 04:42:14"}
{"level":"info","message":"UPLOAD SUCCESSFUL","timestamp":"16-09-2024 04:43:10"}
{"level":"info","message":"User Found","timestamp":"16-09-2024 04:43:21"}
{"level":"info","message":"UPLOAD SUCCESSFUL","timestamp":"16-09-2024 04:44:54"}
{"level":"info","message":"UPLOAD SUCCESSFUL","timestamp":"16-09-2024 04:45:59"}
{"level":"info","message":"Connected to Database.","timestamp":"16-09-2024 04:48:49"}
{"level":"info","message":"server on port: 2005","timestamp":"16-09-2024 04:48:49"}
{"level":"info","message":"Connected to Database.","timestamp":"16-09-2024 04:52:22"}
{"level":"info","message":"server on port: 2005","timestamp":"16-09-2024 04:52:22"}
{"level":"info","message":"Connected to Database.","timestamp":"16-09-2024 05:26:41"}
{"level":"info","message":"server on port: 2005","timestamp":"16-09-2024 05:26:41"}
{"level":"info","message":"Connected to Database.","timestamp":"16-09-2024 05:29:01"}
{"level":"info","message":"server on port: 2005","timestamp":"16-09-2024 05:29:01"}
{"level":"info","message":"Logout successful","timestamp":"16-09-2024 05:29:15"}
{"level":"error","message":"[Unhandled Error] =>  User logged out... please login to continue","stack":"Error: User logged out... please login to continue\n    at verifyToken (C:\\Users\\MAHAMA KAMANGATE\\Desktop\\koraPay_API\\src\\core\\helpers\\tokenHandler.ts:26:15)\n    at C:\\Users\\MAHAMA KAMANGATE\\Desktop\\koraPay_API\\src\\api\\middleware\\authentication.ts:24:40\n    at Generator.next (<anonymous>)\n    at C:\\Users\\MAHAMA KAMANGATE\\Desktop\\koraPay_API\\src\\api\\middleware\\authentication.ts:8:71\n    at new Promise (<anonymous>)\n    at __awaiter (C:\\Users\\MAHAMA KAMANGATE\\Desktop\\koraPay_API\\src\\api\\middleware\\authentication.ts:4:12)\n    at authenticate (C:\\Users\\MAHAMA KAMANGATE\\Desktop\\koraPay_API\\src\\api\\middleware\\authentication.ts:10:5)\n    at Layer.handle [as handle_request] (C:\\Users\\MAHAMA KAMANGATE\\Desktop\\koraPay_API\\node_modules\\express\\lib\\router\\layer.js:95:5)\n    at next (C:\\Users\\MAHAMA KAMANGATE\\Desktop\\koraPay_API\\node_modules\\express\\lib\\router\\route.js:149:13)\n    at Route.dispatch (C:\\Users\\MAHAMA KAMANGATE\\Desktop\\koraPay_API\\node_modules\\express\\lib\\router\\route.js:119:3)","timestamp":"16-09-2024 05:29:46"}
{"level":"error","message":"[Unhandled Error] =>  Invalid Token","stack":"Error: Invalid Token\n    at verifyToken (C:\\Users\\MAHAMA KAMANGATE\\Desktop\\koraPay_API\\src\\core\\helpers\\tokenHandler.ts:28:15)\n    at C:\\Users\\MAHAMA KAMANGATE\\Desktop\\koraPay_API\\src\\api\\middleware\\authentication.ts:24:40\n    at Generator.next (<anonymous>)\n    at C:\\Users\\MAHAMA KAMANGATE\\Desktop\\koraPay_API\\src\\api\\middleware\\authentication.ts:8:71\n    at new Promise (<anonymous>)\n    at __awaiter (C:\\Users\\MAHAMA KAMANGATE\\Desktop\\koraPay_API\\src\\api\\middleware\\authentication.ts:4:12)\n    at authenticate (C:\\Users\\MAHAMA KAMANGATE\\Desktop\\koraPay_API\\src\\api\\middleware\\authentication.ts:10:5)\n    at Layer.handle [as handle_request] (C:\\Users\\MAHAMA KAMANGATE\\Desktop\\koraPay_API\\node_modules\\express\\lib\\router\\layer.js:95:5)\n    at next (C:\\Users\\MAHAMA KAMANGATE\\Desktop\\koraPay_API\\node_modules\\express\\lib\\router\\route.js:149:13)\n    at Route.dispatch (C:\\Users\\MAHAMA KAMANGATE\\Desktop\\koraPay_API\\node_modules\\express\\lib\\router\\route.js:119:3)","timestamp":"16-09-2024 05:30:27"}
{"level":"info","message":"Connected to Database.","timestamp":"16-09-2024 05:32:42"}
{"level":"info","message":"server on port: 2005","timestamp":"16-09-2024 05:32:43"}
{"level":"info","message":"Connected to Database.","timestamp":"16-09-2024 05:34:32"}
{"level":"info","message":"server on port: 2005","timestamp":"16-09-2024 05:34:32"}
{"level":"info","message":"Connected to Database.","timestamp":"16-09-2024 05:35:35"}
{"level":"info","message":"server on port: 2005","timestamp":"16-09-2024 05:35:36"}
{"level":"info","message":"Connected to Database.","timestamp":"16-09-2024 05:37:34"}
{"level":"info","message":"server on port: 2005","timestamp":"16-09-2024 05:37:35"}
{"level":"error","message":"[Unhandled Error] =>  User logged out... please login to continue","stack":"Error: User logged out... please login to continue\n    at verifyToken (C:\\Users\\MAHAMA KAMANGATE\\Desktop\\koraPay_API\\src\\core\\helpers\\tokenHandler.ts:26:15)\n    at C:\\Users\\MAHAMA KAMANGATE\\Desktop\\koraPay_API\\src\\api\\middleware\\authentication.ts:24:40\n    at Generator.next (<anonymous>)\n    at C:\\Users\\MAHAMA KAMANGATE\\Desktop\\koraPay_API\\src\\api\\middleware\\authentication.ts:8:71\n    at new Promise (<anonymous>)\n    at __awaiter (C:\\Users\\MAHAMA KAMANGATE\\Desktop\\koraPay_API\\src\\api\\middleware\\authentication.ts:4:12)\n    at authenticate (C:\\Users\\MAHAMA KAMANGATE\\Desktop\\koraPay_API\\src\\api\\middleware\\authentication.ts:10:5)\n    at Layer.handle [as handle_request] (C:\\Users\\MAHAMA KAMANGATE\\Desktop\\koraPay_API\\node_modules\\express\\lib\\router\\layer.js:95:5)\n    at next (C:\\Users\\MAHAMA KAMANGATE\\Desktop\\koraPay_API\\node_modules\\express\\lib\\router\\route.js:149:13)\n    at Route.dispatch (C:\\Users\\MAHAMA KAMANGATE\\Desktop\\koraPay_API\\node_modules\\express\\lib\\router\\route.js:119:3)","timestamp":"16-09-2024 05:38:12"}
{"level":"info","message":"Connected to Database.","timestamp":"16-09-2024 05:43:49"}
{"level":"info","message":"server on port: 2005","timestamp":"16-09-2024 05:43:49"}
{"level":"info","message":"Connected to Database.","timestamp":"16-09-2024 05:53:18"}
{"level":"info","message":"server on port: 2005","timestamp":"16-09-2024 05:53:18"}
{"level":"error","message":"[Unhandled Error] =>  User logged out... please login to continue","stack":"Error: User logged out... please login to continue\n    at verifyToken (C:\\Users\\MAHAMA KAMANGATE\\Desktop\\koraPay_API\\src\\core\\helpers\\tokenHandler.ts:26:15)\n    at C:\\Users\\MAHAMA KAMANGATE\\Desktop\\koraPay_API\\src\\api\\middleware\\authentication.ts:24:40\n    at Generator.next (<anonymous>)\n    at C:\\Users\\MAHAMA KAMANGATE\\Desktop\\koraPay_API\\src\\api\\middleware\\authentication.ts:8:71\n    at new Promise (<anonymous>)\n    at __awaiter (C:\\Users\\MAHAMA KAMANGATE\\Desktop\\koraPay_API\\src\\api\\middleware\\authentication.ts:4:12)\n    at authenticate (C:\\Users\\MAHAMA KAMANGATE\\Desktop\\koraPay_API\\src\\api\\middleware\\authentication.ts:10:5)\n    at Layer.handle [as handle_request] (C:\\Users\\MAHAMA KAMANGATE\\Desktop\\koraPay_API\\node_modules\\express\\lib\\router\\layer.js:95:5)\n    at next (C:\\Users\\MAHAMA KAMANGATE\\Desktop\\koraPay_API\\node_modules\\express\\lib\\router\\route.js:149:13)\n    at Route.dispatch (C:\\Users\\MAHAMA KAMANGATE\\Desktop\\koraPay_API\\node_modules\\express\\lib\\router\\route.js:119:3)","timestamp":"16-09-2024 05:53:31"}
{"level":"info","message":"Connected to Database.","timestamp":"16-09-2024 05:58:17"}
{"level":"info","message":"server on port: 2005","timestamp":"16-09-2024 05:58:17"}
{"level":"info","message":"Connected to Database.","timestamp":"16-09-2024 06:00:14"}
{"level":"info","message":"server on port: 2005","timestamp":"16-09-2024 06:00:14"}
{"level":"info","message":"Connected to Database.","timestamp":"16-09-2024 06:02:34"}
{"level":"info","message":"server on port: 2005","timestamp":"16-09-2024 06:02:34"}
{"level":"info","message":"Connected to Database.","timestamp":"16-09-2024 06:03:40"}
{"level":"info","message":"server on port: 2005","timestamp":"16-09-2024 06:03:40"}
{"level":"info","message":"Connected to Database.","timestamp":"16-09-2024 06:05:26"}
{"level":"info","message":"server on port: 2005","timestamp":"16-09-2024 06:05:26"}
{"level":"info","message":"Connected to Database.","timestamp":"16-09-2024 06:07:32"}
{"level":"info","message":"server on port: 2005","timestamp":"16-09-2024 06:07:32"}
{"level":"info","message":"Connected to Database.","timestamp":"16-09-2024 06:09:25"}
{"level":"info","message":"server on port: 2005","timestamp":"16-09-2024 06:09:26"}
{"level":"info","message":"Connected to Database.","timestamp":"16-09-2024 06:13:02"}
{"level":"info","message":"server on port: 2005","timestamp":"16-09-2024 06:13:02"}
{"level":"info","message":"Connected to Database.","timestamp":"16-09-2024 06:14:35"}
{"level":"info","message":"server on port: 2005","timestamp":"16-09-2024 06:14:35"}
{"level":"info","message":"Connected to Database.","timestamp":"16-09-2024 06:15:45"}
{"level":"info","message":"server on port: 2005","timestamp":"16-09-2024 06:15:45"}
{"level":"error","message":"[Unhandled Error] =>  Unknown column 'full_name' in 'field list'","name":"SequelizeDatabaseError","original":{"code":"ER_BAD_FIELD_ERROR","errno":1054,"sql":"SELECT `id`, `full_name` AS `fullName`, `email`, `password`, `phone`, `image`, `is_verified` AS `isVerified`, `is_admin` AS `isAdmin`, `balance`, `created_at` AS `createdAt`, `updated_at` AS `updatedAt` FROM `users` AS `User` WHERE `User`.`email` = 'anthonyodoh16@gmail.com';","sqlMessage":"Unknown column 'full_name' in 'field list'","sqlState":"42S22"},"parameters":{},"parent":{"code":"ER_BAD_FIELD_ERROR","errno":1054,"sql":"SELECT `id`, `full_name` AS `fullName`, `email`, `password`, `phone`, `image`, `is_verified` AS `isVerified`, `is_admin` AS `isAdmin`, `balance`, `created_at` AS `createdAt`, `updated_at` AS `updatedAt` FROM `users` AS `User` WHERE `User`.`email` = 'anthonyodoh16@gmail.com';","sqlMessage":"Unknown column 'full_name' in 'field list'","sqlState":"42S22"},"sql":"SELECT `id`, `full_name` AS `fullName`, `email`, `password`, `phone`, `image`, `is_verified` AS `isVerified`, `is_admin` AS `isAdmin`, `balance`, `created_at` AS `createdAt`, `updated_at` AS `updatedAt` FROM `users` AS `User` WHERE `User`.`email` = 'anthonyodoh16@gmail.com';","stack":"Error: \n    at Query.run (C:\\Users\\MAHAMA KAMANGATE\\Desktop\\koraPay_API\\node_modules\\sequelize\\src\\dialects\\mysql\\query.js:46:25)\n    at C:\\Users\\MAHAMA KAMANGATE\\Desktop\\koraPay_API\\node_modules\\sequelize\\src\\sequelize.js:650:28\n    at processTicksAndRejections (node:internal/process/task_queues:95:5)\n    at MySQLQueryInterface.select (C:\\Users\\MAHAMA KAMANGATE\\Desktop\\koraPay_API\\node_modules\\sequelize\\src\\dialects\\abstract\\query-interface.js:1001:12)\n    at Function.findAll (C:\\Users\\MAHAMA KAMANGATE\\Desktop\\koraPay_API\\node_modules\\sequelize\\src\\model.js:1824:21)\n    at Function.findOne (C:\\Users\\MAHAMA KAMANGATE\\Desktop\\koraPay_API\\node_modules\\sequelize\\src\\model.js:1998:12)","timestamp":"16-09-2024 06:15:57"}
{"level":"info","message":"Connected to Database.","timestamp":"16-09-2024 06:23:21"}
{"level":"info","message":"server on port: 2005","timestamp":"16-09-2024 06:23:21"}
{"level":"info","message":"Connected to Database.","timestamp":"16-09-2024 06:24:10"}
{"level":"info","message":"server on port: 2005","timestamp":"16-09-2024 06:24:10"}
{"level":"error","message":"[SequelizeDatabaseError] => ","timestamp":"16-09-2024 06:24:20"}
{"level":"info","message":"Connected to Database.","timestamp":"16-09-2024 06:25:59"}
{"level":"info","message":"server on port: 2005","timestamp":"16-09-2024 06:26:00"}
{"level":"info","message":"Connected to Database.","timestamp":"19-09-2024 05:07:51"}
{"level":"info","message":"server on port: 2005","timestamp":"19-09-2024 05:07:52"}
{"level":"info","message":"Connected to Database.","timestamp":"19-09-2024 17:23:55"}
{"level":"info","message":"server on port: 2005","timestamp":"19-09-2024 17:23:55"}
{"level":"info","message":"Connected to Database.","timestamp":"20-09-2024 13:15:16"}
{"level":"info","message":"server on port: 2005","timestamp":"20-09-2024 13:15:17"}
{"level":"info","message":"Connected to Database.","timestamp":"20-09-2024 13:33:47"}
{"level":"info","message":"server on port: 2005","timestamp":"20-09-2024 13:33:47"}
{"level":"info","message":"Connected to Database.","timestamp":"20-09-2024 13:35:29"}
{"level":"info","message":"server on port: 2005","timestamp":"20-09-2024 13:35:29"}
{"level":"info","message":"Login Successfull","timestamp":"20-09-2024 13:35:55"}
{"level":"info","message":["AA","OO"],"timestamp":"20-09-2024 13:36:35"}
{"level":"info","message":"User Found","timestamp":"20-09-2024 13:36:35"}
{"level":"info","message":"Connected to Database.","timestamp":"20-09-2024 13:37:56"}
{"level":"info","message":"server on port: 2005","timestamp":"20-09-2024 13:37:56"}
{"level":"info","message":["AA","OO"],"timestamp":"20-09-2024 13:38:07"}
{"level":"info","message":["Anthony","Odoh"],"timestamp":"20-09-2024 13:38:08"}
{"level":"info","message":"User Found","timestamp":"20-09-2024 13:38:08"}
{"level":"info","message":"Connected to Database.","timestamp":"20-09-2024 13:40:20"}
{"level":"info","message":"server on port: 2005","timestamp":"20-09-2024 13:40:20"}
{"level":"info","message":"Connected to Database.","timestamp":"20-09-2024 13:41:12"}
{"level":"info","message":"server on port: 2005","timestamp":"20-09-2024 13:41:12"}
{"level":"info","message":["A","O"],"timestamp":"20-09-2024 13:41:27"}
{"level":"info","message":["Anthony","Odoh"],"timestamp":"20-09-2024 13:41:27"}
{"level":"info","message":"User Found","timestamp":"20-09-2024 13:41:28"}
{"level":"info","message":"Connected to Database.","timestamp":"20-09-2024 13:43:53"}
{"level":"info","message":"server on port: 2005","timestamp":"20-09-2024 13:43:54"}
{"level":"info","message":["A","O"],"timestamp":"20-09-2024 13:43:58"}
{"level":"info","message":["Anthony","Odoh"],"timestamp":"20-09-2024 13:43:59"}
{"level":"info","message":"User Found","timestamp":"20-09-2024 13:43:59"}
{"level":"info","message":"Connected to Database.","timestamp":"20-09-2024 13:45:07"}
{"level":"info","message":"server on port: 2005","timestamp":"20-09-2024 13:45:07"}
{"level":"info","message":["Anthony","Odoh"],"timestamp":"20-09-2024 13:45:10"}
{"level":"info","message":["Anthony","Odoh"],"timestamp":"20-09-2024 13:45:10"}
{"level":"info","message":"User Found","timestamp":"20-09-2024 13:45:10"}
{"level":"info","message":"Connected to Database.","timestamp":"20-09-2024 13:46:20"}
{"level":"info","message":"server on port: 2005","timestamp":"20-09-2024 13:46:20"}
{"level":"info","message":["Anthony","Odoh"],"timestamp":"20-09-2024 13:47:36"}
{"level":"info","message":["Anthony","Odoh"],"timestamp":"20-09-2024 13:47:36"}
{"level":"info","message":2,"timestamp":"20-09-2024 13:47:37"}
{"level":"info","message":"User Found","timestamp":"20-09-2024 13:47:37"}
{"level":"info","message":["Anthony","Odoh"],"timestamp":"20-09-2024 13:47:42"}
{"level":"info","message":["Anthony","Odoh"],"timestamp":"20-09-2024 13:47:42"}
{"level":"info","message":2,"timestamp":"20-09-2024 13:47:42"}
{"level":"info","message":"User Found","timestamp":"20-09-2024 13:47:42"}
{"level":"info","message":"Connected to Database.","timestamp":"20-09-2024 13:53:08"}
{"level":"info","message":"server on port: 2005","timestamp":"20-09-2024 13:53:08"}
{"level":"info","message":"A","timestamp":"20-09-2024 13:53:33"}
{"level":"info","message":["Anthony","Odoh"],"timestamp":"20-09-2024 13:53:34"}
{"level":"info","message":2,"timestamp":"20-09-2024 13:53:35"}
{"level":"info","message":"User Found","timestamp":"20-09-2024 13:53:37"}
{"level":"info","message":"Connected to Database.","timestamp":"20-09-2024 14:01:36"}
{"level":"info","message":"server on port: 2005","timestamp":"20-09-2024 14:01:38"}
{"level":"info","message":"Connected to Database.","timestamp":"20-09-2024 14:05:33"}
{"level":"info","message":"server on port: 2005","timestamp":"20-09-2024 14:05:33"}
{"level":"info","message":"AY","timestamp":"20-09-2024 14:05:46"}
{"level":"info","message":"User Found","timestamp":"20-09-2024 14:05:46"}
{"level":"info","message":"Connected to Database.","timestamp":"20-09-2024 14:09:33"}
{"level":"info","message":"server on port: 2005","timestamp":"20-09-2024 14:09:33"}
{"level":"info","message":"Connected to Database.","timestamp":"20-09-2024 14:12:03"}
{"level":"info","message":"server on port: 2005","timestamp":"20-09-2024 14:12:03"}
{"level":"info","message":"Connected to Database.","timestamp":"20-09-2024 14:14:31"}
{"level":"info","message":"server on port: 2005","timestamp":"20-09-2024 14:14:32"}
{"level":"info","message":5.209917432910711,"timestamp":"20-09-2024 14:14:40"}
{"level":"info","message":"User Found","timestamp":"20-09-2024 14:14:40"}
{"level":"info","message":"Connected to Database.","timestamp":"20-09-2024 14:15:46"}
{"level":"info","message":"server on port: 2005","timestamp":"20-09-2024 14:15:46"}
{"level":"info","message":1,"timestamp":"20-09-2024 14:16:04"}
{"level":"info","message":"User Found","timestamp":"20-09-2024 14:16:04"}
{"level":"info","message":"Connected to Database.","timestamp":"20-09-2024 14:36:19"}
{"level":"info","message":"server on port: 2005","timestamp":"20-09-2024 14:36:19"}
{"level":"info","message":"AYOH-4F6umXYxOO","timestamp":"20-09-2024 14:36:24"}
{"level":"info","message":"User Found","timestamp":"20-09-2024 14:36:24"}
{"level":"info","message":"Connected to Database.","timestamp":"20-09-2024 15:07:16"}
{"level":"info","message":"server on port: 2005","timestamp":"20-09-2024 15:07:16"}
{"level":"info","message":"Connected to Database.","timestamp":"20-09-2024 15:08:41"}
{"level":"info","message":"server on port: 2005","timestamp":"20-09-2024 15:08:41"}
{"level":"info","message":"Connected to Database.","timestamp":"21-09-2024 07:01:54"}
{"level":"info","message":"server on port: 2005","timestamp":"21-09-2024 07:01:54"}
{"level":"info","message":"Login Successfull","timestamp":"21-09-2024 07:02:52"}
{"level":"info","message":"Connected to Database.","timestamp":"21-09-2024 07:04:13"}
{"level":"info","message":"server on port: 2005","timestamp":"21-09-2024 07:04:13"}
{"level":"info","message":"Successfull","timestamp":"21-09-2024 07:07:00"}
{"level":"info","message":"Successfull","timestamp":"21-09-2024 07:07:26"}
{"level":"info","message":"Connected to Database.","timestamp":"21-09-2024 07:12:20"}
{"level":"info","message":"server on port: 2005","timestamp":"21-09-2024 07:12:20"}
{"level":"info","message":"Successfull","timestamp":"21-09-2024 07:12:29"}
{"level":"info","message":"Connected to Database.","timestamp":"21-09-2024 07:14:38"}
{"level":"info","message":"server on port: 2005","timestamp":"21-09-2024 07:14:38"}
{"level":"info","message":"Connected to Database.","timestamp":"21-09-2024 07:15:35"}
{"level":"info","message":"server on port: 2005","timestamp":"21-09-2024 07:15:35"}
{"level":"info","message":"Connected to Database.","timestamp":"21-09-2024 07:16:02"}
{"level":"info","message":"server on port: 2005","timestamp":"21-09-2024 07:16:02"}
{"level":"info","message":"Successfull","timestamp":"21-09-2024 07:19:00"}
{"level":"info","message":"Connected to Database.","timestamp":"21-09-2024 08:50:44"}
{"level":"info","message":"server on port: 2005","timestamp":"21-09-2024 08:50:44"}
{"level":"info","message":"Connected to Database.","timestamp":"21-09-2024 08:53:16"}
{"level":"info","message":"Connected to Database.","timestamp":"21-09-2024 08:53:41"}
{"level":"info","message":"server on port: 2005","timestamp":"21-09-2024 08:53:41"}
{"level":"info","message":"Connected to Database.","timestamp":"21-09-2024 08:56:39"}
{"level":"info","message":"server on port: 2005","timestamp":"21-09-2024 08:56:39"}
{"level":"info","message":"Successfull","timestamp":"21-09-2024 08:56:53"}
{"level":"info","message":"Connected to Database.","timestamp":"21-09-2024 08:58:27"}
{"level":"info","message":"server on port: 2005","timestamp":"21-09-2024 08:58:27"}
{"level":"info","message":"Successfull","timestamp":"21-09-2024 08:58:39"}
{"level":"info","message":"Connected to Database.","timestamp":"21-09-2024 09:03:30"}
{"level":"info","message":"server on port: 2005","timestamp":"21-09-2024 09:03:30"}
{"level":"info","message":"Successfull","timestamp":"21-09-2024 09:03:52"}
{"level":"info","message":"Connected to Database.","timestamp":"21-09-2024 14:25:32"}
{"level":"info","message":"server on port: 2005","timestamp":"21-09-2024 14:25:32"}
{"level":"info","message":"Successfull","timestamp":"21-09-2024 14:26:23"}
{"level":"info","message":"Connected to Database.","timestamp":"21-09-2024 14:42:44"}
{"level":"info","message":"server on port: 2005","timestamp":"21-09-2024 14:42:44"}
{"level":"info","message":"Successfull","timestamp":"21-09-2024 14:42:57"}
{"level":"info","message":"Successfull","timestamp":"21-09-2024 14:48:00"}
{"level":"info","message":"Connected to Database.","timestamp":"23-09-2024 02:19:53"}
{"level":"info","message":"server on port: 2005","timestamp":"23-09-2024 02:19:53"}
{"level":"info","message":"Connected to Database.","timestamp":"23-09-2024 03:03:18"}
{"level":"info","message":"server on port: 2005","timestamp":"23-09-2024 03:03:19"}
{"level":"info","message":"Login Successfull","timestamp":"23-09-2024 03:05:37"}
{"level":"info","message":"Successfull","timestamp":"23-09-2024 03:06:27"}
{"level":"info","message":"Connected to Database.","timestamp":"25-09-2024 14:07:15"}
{"level":"info","message":"server on port: 2005","timestamp":"25-09-2024 14:07:15"}
{"level":"info","message":"Connected to Database.","timestamp":"25-09-2024 14:09:16"}
{"level":"info","message":"server on port: 2005","timestamp":"25-09-2024 14:09:16"}
{"level":"info","message":"Connected to Database.","timestamp":"25-09-2024 14:10:31"}
{"level":"info","message":"server on port: 2005","timestamp":"25-09-2024 14:10:31"}
{"level":"info","message":"Connected to Database.","timestamp":"25-09-2024 14:14:10"}
{"level":"info","message":"server on port: 2005","timestamp":"25-09-2024 14:14:10"}
{"level":"info","message":"Connected to Database.","timestamp":"25-09-2024 14:40:25"}
{"level":"info","message":"server on port: 2005","timestamp":"25-09-2024 14:40:25"}
{"level":"info","message":"Connected to Database.","timestamp":"25-09-2024 14:41:16"}
{"level":"info","message":"server on port: 2005","timestamp":"25-09-2024 14:41:17"}
{"level":"info","message":"Connected to Database.","timestamp":"25-09-2024 14:42:30"}
{"level":"info","message":"server on port: 2005","timestamp":"25-09-2024 14:42:30"}
{"level":"info","message":"Connected to Database.","timestamp":"25-09-2024 14:43:24"}
{"level":"info","message":"server on port: 2005","timestamp":"25-09-2024 14:43:25"}
{"level":"info","message":"Connected to Database.","timestamp":"25-09-2024 14:44:41"}
{"level":"info","message":"server on port: 2005","timestamp":"25-09-2024 14:44:41"}
{"level":"info","message":"Connected to Database.","timestamp":"25-09-2024 14:45:46"}
{"level":"info","message":"server on port: 2005","timestamp":"25-09-2024 14:45:46"}
{"level":"info","message":"Connected to Database.","timestamp":"25-09-2024 14:46:32"}
{"level":"info","message":"server on port: 2005","timestamp":"25-09-2024 14:46:32"}
{"level":"info","message":"Connected to Database.","timestamp":"25-09-2024 14:47:51"}
{"level":"info","message":"server on port: 2005","timestamp":"25-09-2024 14:47:51"}
{"level":"info","message":"Connected to Database.","timestamp":"25-09-2024 14:50:35"}
{"level":"info","message":"server on port: 2005","timestamp":"25-09-2024 14:50:35"}
{"level":"info","message":"Connected to Database.","timestamp":"25-09-2024 14:51:13"}
{"level":"info","message":"server on port: 2005","timestamp":"25-09-2024 14:51:13"}
{"level":"info","message":"Connected to Database.","timestamp":"25-09-2024 14:53:08"}
{"level":"info","message":"server on port: 2005","timestamp":"25-09-2024 14:53:08"}
{"level":"info","message":"Connected to Database.","timestamp":"25-09-2024 15:03:49"}
{"level":"info","message":"server on port: 2005","timestamp":"25-09-2024 15:03:50"}
{"level":"info","message":"Connected to Database.","timestamp":"25-09-2024 15:07:42"}
{"level":"info","message":"server on port: 2005","timestamp":"25-09-2024 15:07:43"}
{"level":"info","message":"Connected to Database.","timestamp":"25-09-2024 15:09:01"}
{"level":"info","message":"server on port: 2005","timestamp":"25-09-2024 15:09:01"}
{"level":"info","message":"Connected to Database.","timestamp":"25-09-2024 15:10:39"}
{"level":"info","message":"server on port: 2005","timestamp":"25-09-2024 15:10:39"}
{"level":"info","message":"Connected to Database.","timestamp":"25-09-2024 15:12:36"}
{"level":"info","message":"server on port: 2005","timestamp":"25-09-2024 15:12:36"}
{"level":"info","message":"Connected to Database.","timestamp":"25-09-2024 15:18:01"}
{"level":"info","message":"server on port: 2005","timestamp":"25-09-2024 15:18:01"}
{"level":"info","message":"Connected to Database.","timestamp":"25-09-2024 15:19:05"}
{"level":"info","message":"server on port: 2005","timestamp":"25-09-2024 15:19:05"}
{"level":"info","message":"Connected to Database.","timestamp":"25-09-2024 15:42:09"}
{"level":"info","message":"server on port: 2005","timestamp":"25-09-2024 15:42:09"}
{"level":"info","message":"Connected to Database.","timestamp":"25-09-2024 15:42:36"}
{"level":"info","message":"server on port: 2005","timestamp":"25-09-2024 15:42:36"}
{"level":"info","message":"Connected to Database.","timestamp":"25-09-2024 15:50:21"}
{"level":"info","message":"server on port: 2005","timestamp":"25-09-2024 15:50:21"}
{"level":"info","message":"Connected to Database.","timestamp":"25-09-2024 15:56:49"}
{"level":"info","message":"server on port: 2005","timestamp":"25-09-2024 15:56:49"}
{"level":"info","message":"Connected to Database.","timestamp":"25-09-2024 15:58:31"}
{"level":"info","message":"server on port: 2005","timestamp":"25-09-2024 15:58:31"}
{"level":"info","message":"Connected to Database.","timestamp":"25-09-2024 15:59:22"}
{"level":"info","message":"server on port: 2005","timestamp":"25-09-2024 15:59:22"}
{"level":"info","message":"Connected to Database.","timestamp":"25-09-2024 16:21:36"}
{"level":"info","message":"server on port: 2005","timestamp":"25-09-2024 16:21:36"}
{"level":"info","message":"Connected to Database.","timestamp":"28-09-2024 02:59:57"}
{"level":"info","message":"server on port: 2005","timestamp":"28-09-2024 02:59:57"}
{"level":"info","message":"Login Successfull","timestamp":"28-09-2024 03:01:53"}
{"level":"error","message":"[Database validation error] => ","timestamp":"28-09-2024 03:02:46"}
{"level":"info","message":"Connected to Database.","timestamp":"28-09-2024 03:09:09"}
{"level":"info","message":"server on port: 2005","timestamp":"28-09-2024 03:09:10"}
{"level":"error","message":"[SequelizeDatabaseError] => ","timestamp":"28-09-2024 03:10:29"}
{"level":"info","message":"Connected to Database.","timestamp":"28-09-2024 03:18:06"}
{"level":"info","message":"server on port: 2005","timestamp":"28-09-2024 03:18:06"}
{"level":"error","message":"[SequelizeDatabaseError] => ","timestamp":"28-09-2024 03:25:05"}
{"level":"info","message":"Connected to Database.","timestamp":"28-09-2024 03:36:21"}
{"level":"info","message":"server on port: 2005","timestamp":"28-09-2024 03:36:22"}
{"level":"error","message":"[SequelizeDatabaseError] => ","timestamp":"28-09-2024 03:45:38"}
{"level":"info","message":"Successfull","timestamp":"28-09-2024 03:54:34"}
{"level":"info","message":"Successfull","timestamp":"28-09-2024 03:54:50"}
{"level":"info","message":"Connected to Database.","timestamp":"28-09-2024 03:56:46"}
{"level":"info","message":"server on port: 2005","timestamp":"28-09-2024 03:56:46"}
{"level":"info","message":"server on port: 2005","timestamp":"29-09-2024 16:26:38"}
{"level":"info","message":"Connected to Database.","timestamp":"29-09-2024 17:04:18"}
{"level":"info","message":"Server running on port: 2005","timestamp":"29-09-2024 17:04:18"}
{"level":"info","message":"Connected to Database.","timestamp":"29-09-2024 17:06:49"}
{"level":"info","message":"Server running on port: 2005","timestamp":"29-09-2024 17:06:49"}
{"level":"info","message":"User Registration Successfull","timestamp":"29-09-2024 17:12:19"}
{"level":"info","message":"Login Successfull","timestamp":"29-09-2024 17:21:09"}
{"level":"error","message":"[Unhandled Error] =>  Cannot read properties of undefined (reading 'findOne')","stack":"TypeError: Cannot read properties of undefined (reading 'findOne')\n    at C:\\Users\\MAHAMA KAMANGATE\\Desktop\\koraPay_API - Copy\\src\\api\\middleware\\authentication.ts:26:33\n    at Generator.next (<anonymous>)\n    at C:\\Users\\MAHAMA KAMANGATE\\Desktop\\koraPay_API - Copy\\src\\api\\middleware\\authentication.ts:8:71\n    at new Promise (<anonymous>)\n    at __awaiter (C:\\Users\\MAHAMA KAMANGATE\\Desktop\\koraPay_API - Copy\\src\\api\\middleware\\authentication.ts:4:12)\n    at authenticate (C:\\Users\\MAHAMA KAMANGATE\\Desktop\\koraPay_API - Copy\\src\\api\\middleware\\authentication.ts:10:5)\n    at Layer.handle [as handle_request] (C:\\Users\\MAHAMA KAMANGATE\\Desktop\\koraPay_API - Copy\\node_modules\\express\\lib\\router\\layer.js:95:5)\n    at next (C:\\Users\\MAHAMA KAMANGATE\\Desktop\\koraPay_API - Copy\\node_modules\\express\\lib\\router\\route.js:149:13)\n    at Route.dispatch (C:\\Users\\MAHAMA KAMANGATE\\Desktop\\koraPay_API - Copy\\node_modules\\express\\lib\\router\\route.js:119:3)\n    at Layer.handle [as handle_request] (C:\\Users\\MAHAMA KAMANGATE\\Desktop\\koraPay_API - Copy\\node_modules\\express\\lib\\router\\layer.js:95:5)","timestamp":"29-09-2024 17:21:37"}
{"level":"info","message":"Connected to Database.","timestamp":"29-09-2024 17:26:23"}
{"level":"info","message":"Server running on port: 2005","timestamp":"29-09-2024 17:26:23"}
{"level":"info","message":"Connected to Database.","timestamp":"29-09-2024 17:29:32"}
{"level":"info","message":"Server running on port: 2005","timestamp":"29-09-2024 17:29:32"}
{"level":"info","message":"Connected to Database.","timestamp":"29-09-2024 17:32:54"}
{"level":"info","message":"Server running on port: 2005","timestamp":"29-09-2024 17:32:55"}
{"level":"error","message":"[TypeError] => ","timestamp":"29-09-2024 17:33:03"}
{"level":"info","message":"Connected to Database.","timestamp":"29-09-2024 17:35:07"}
{"level":"info","message":"Server running on port: 2005","timestamp":"29-09-2024 17:35:07"}
{"_message":"Transaction validation failed","errors":{"currency":{"kind":"required","message":"Path `currency` is required.","name":"ValidatorError","path":"currency","properties":{"message":"Path `currency` is required.","path":"currency","type":"required"}}},"level":"error","message":"[Unhandled Error] =>  Transaction validation failed: currency: Path `currency` is required.","stack":"ValidationError: Transaction validation failed: currency: Path `currency` is required.\n    at model.Document.invalidate (C:\\Users\\MAHAMA KAMANGATE\\Desktop\\koraPay_API - Copy\\node_modules\\mongoose\\lib\\document.js:3318:32)\n    at C:\\Users\\MAHAMA KAMANGATE\\Desktop\\koraPay_API - Copy\\node_modules\\mongoose\\lib\\document.js:3079:17\n    at C:\\Users\\MAHAMA KAMANGATE\\Desktop\\koraPay_API - Copy\\node_modules\\mongoose\\lib\\schemaType.js:1388:9\n    at processTicksAndRejections (node:internal/process/task_queues:77:11)","timestamp":"29-09-2024 17:38:40"}
{"level":"error","message":"Unable to connect to the database: querySrv ETIMEOUT _mongodb._tcp.cluster0.4askdj7.mongodb.net","timestamp":"29-09-2024 17:59:03"}
{"level":"info","message":"Server running on port: 2005","timestamp":"29-09-2024 17:59:10"}
{"level":"info","message":"Connected to Database.","timestamp":"29-09-2024 18:06:23"}
{"level":"info","message":"Server running on port: 2005","timestamp":"29-09-2024 18:06:24"}
{"level":"info","message":"Connected to Database.","timestamp":"29-09-2024 18:18:21"}
{"level":"info","message":"Server running on port: 2005","timestamp":"29-09-2024 18:18:25"}
{"level":"error","message":"[MongooseValidationError] => ","timestamp":"29-09-2024 18:19:36"}
{"level":"error","message":"Unable to connect to the database: Could not connect to any servers in your MongoDB Atlas cluster. One common reason is that you're trying to access the database from an IP that isn't whitelisted. Make sure your current IP address is on your Atlas cluster's IP whitelist: https://www.mongodb.com/docs/atlas/security-whitelist/","timestamp":"29-09-2024 18:24:32"}
{"level":"info","message":"Server running on port: 2005","timestamp":"29-09-2024 18:24:32"}
{"level":"error","message":"Unable to connect to the database: Could not connect to any servers in your MongoDB Atlas cluster. One common reason is that you're trying to access the database from an IP that isn't whitelisted. Make sure your current IP address is on your Atlas cluster's IP whitelist: https://www.mongodb.com/docs/atlas/security-whitelist/","timestamp":"29-09-2024 18:26:16"}
{"level":"info","message":"Server running on port: 2005","timestamp":"29-09-2024 18:26:16"}
{"level":"info","message":"Connected to Database.","timestamp":"30-09-2024 03:50:36"}
{"level":"info","message":"Server running on port: 2005","timestamp":"30-09-2024 03:50:37"}
{"level":"info","message":"Successfull","timestamp":"30-09-2024 03:51:10"}
{"level":"info","message":"Successfull","timestamp":"30-09-2024 04:11:00"}
{"level":"info","message":"Connected to Database.","timestamp":"30-09-2024 04:30:46"}
{"level":"info","message":"Server running on port: 2005","timestamp":"30-09-2024 04:30:47"}
{"level":"info","message":"Connected to Database.","timestamp":"30-09-2024 04:37:34"}
{"level":"info","message":"Server running on port: 2005","timestamp":"30-09-2024 04:37:34"}
{"level":"info","message":"Connected to Database.","timestamp":"30-09-2024 04:44:22"}
{"level":"info","message":"Server running on port: 2005","timestamp":"30-09-2024 04:44:22"}
{"level":"info","message":"Connected to Database.","timestamp":"30-09-2024 04:46:05"}
{"level":"info","message":"Server running on port: 2005","timestamp":"30-09-2024 04:46:05"}
{"level":"info","message":"Connected to Database.","timestamp":"30-09-2024 04:54:44"}
{"level":"info","message":"Server running on port: 2005","timestamp":"30-09-2024 04:54:44"}
{"level":"info","message":"Connected to Database.","timestamp":"30-09-2024 05:00:17"}
{"level":"info","message":"Server running on port: 2005","timestamp":"30-09-2024 05:00:17"}
{"level":"info","message":"Connected to Database.","timestamp":"30-09-2024 05:01:23"}
{"level":"info","message":"Server running on port: 2005","timestamp":"30-09-2024 05:01:23"}
{"level":"info","message":"Connected to Database.","timestamp":"30-09-2024 05:02:50"}
{"level":"info","message":"Server running on port: 2005","timestamp":"30-09-2024 05:02:50"}
{"level":"info","message":"Connected to Database.","timestamp":"30-09-2024 05:04:33"}
{"level":"info","message":"Server running on port: 2005","timestamp":"30-09-2024 05:04:33"}
{"level":"info","message":"Connected to Database.","timestamp":"30-09-2024 05:08:04"}
{"level":"info","message":"Server running on port: 2005","timestamp":"30-09-2024 05:08:04"}
{"level":"info","message":"Connected to Database.","timestamp":"30-09-2024 05:10:44"}
{"level":"info","message":"Server running on port: 2005","timestamp":"30-09-2024 05:10:45"}
{"level":"info","message":"Connected to Database.","timestamp":"30-09-2024 05:13:22"}
{"level":"info","message":"Server running on port: 2005","timestamp":"30-09-2024 05:13:22"}
{"level":"info","message":"Connected to Database.","timestamp":"30-09-2024 05:17:09"}
{"level":"info","message":"Server running on port: 2005","timestamp":"30-09-2024 05:17:09"}
{"level":"info","message":"Successfull","timestamp":"30-09-2024 05:36:24"}
{"level":"info","message":"success","timestamp":"30-09-2024 06:14:38"}
{"level":"info","message":"success","timestamp":"30-09-2024 06:17:23"}
{"level":"error","message":"[MongooseValidationError] => ","timestamp":"30-09-2024 06:23:04"}
{"level":"info","message":"Connected to Database.","timestamp":"30-09-2024 06:35:09"}
{"level":"info","message":"Server running on port: 2005","timestamp":"30-09-2024 06:35:09"}
{"level":"info","message":"Connected to Database.","timestamp":"30-09-2024 06:42:22"}
{"level":"info","message":"Server running on port: 2005","timestamp":"30-09-2024 06:42:23"}
{"level":"info","message":"Connected to Database.","timestamp":"30-09-2024 06:47:21"}
{"level":"info","message":"Server running on port: 2005","timestamp":"30-09-2024 06:47:21"}
{"level":"info","message":"Connected to Database.","timestamp":"30-09-2024 06:49:07"}
{"level":"info","message":"Server running on port: 2005","timestamp":"30-09-2024 06:49:08"}
{"level":"error","message":"[MongooseValidationError] => ","timestamp":"30-09-2024 06:50:06"}
{"level":"info","message":"Connected to Database.","timestamp":"30-09-2024 06:52:36"}
{"level":"info","message":"Server running on port: 2005","timestamp":"30-09-2024 06:52:36"}
{"level":"error","message":"[MongooseValidationError] => ","timestamp":"30-09-2024 06:54:17"}
{"level":"info","message":"Connected to Database.","timestamp":"30-09-2024 07:01:29"}
{"level":"info","message":"Server running on port: 2005","timestamp":"30-09-2024 07:01:30"}
{"level":"error","message":"[Unhandled Error] =>  getaddrinfo ENOTFOUND ac-ppuxkil-shard-00-00.4askdj7.mongodb.net","reason":{"commonWireVersion":0,"compatible":true,"heartbeatFrequencyMS":10000,"localThresholdMS":15,"logicalSessionTimeoutMinutes":null,"maxElectionId":{"$oid":"7fffffff0000000000000018"},"maxSetVersion":5,"servers":{"ac-ppuxkil-shard-00-00.4askdj7.mongodb.net:27017":{"$clusterTime":null,"address":"ac-ppuxkil-shard-00-00.4askdj7.mongodb.net:27017","arbiters":[],"electionId":null,"error":{},"hosts":[],"lastUpdateTime":136378586,"lastWriteDate":0,"logicalSessionTimeoutMinutes":null,"maxWireVersion":0,"me":null,"minRoundTripTime":0,"minWireVersion":0,"passives":[],"primary":null,"roundTripTime":-1,"setName":null,"setVersion":null,"tags":{},"topologyVersion":null,"type":"Unknown"},"ac-ppuxkil-shard-00-01.4askdj7.mongodb.net:27017":{"$clusterTime":null,"address":"ac-ppuxkil-shard-00-01.4askdj7.mongodb.net:27017","arbiters":[],"electionId":null,"error":{},"hosts":[],"lastUpdateTime":136378970,"lastWriteDate":0,"logicalSessionTimeoutMinutes":null,"maxWireVersion":0,"me":null,"minRoundTripTime":0,"minWireVersion":0,"passives":[],"primary":null,"roundTripTime":-1,"setName":null,"setVersion":null,"tags":{},"topologyVersion":null,"type":"Unknown"},"ac-ppuxkil-shard-00-02.4askdj7.mongodb.net:27017":{"$clusterTime":null,"address":"ac-ppuxkil-shard-00-02.4askdj7.mongodb.net:27017","arbiters":[],"electionId":null,"error":{},"hosts":[],"lastUpdateTime":136378816,"lastWriteDate":0,"logicalSessionTimeoutMinutes":null,"maxWireVersion":0,"me":null,"minRoundTripTime":0,"minWireVersion":0,"passives":[],"primary":null,"roundTripTime":-1,"setName":null,"setVersion":null,"tags":{},"topologyVersion":null,"type":"Unknown"}},"setName":"atlas-gr5zi9-shard-0","stale":false,"type":"ReplicaSetNoPrimary"},"stack":"MongoServerSelectionError: getaddrinfo ENOTFOUND ac-ppuxkil-shard-00-00.4askdj7.mongodb.net\n    at Topology.selectServer (C:\\Users\\MAHAMA KAMANGATE\\Desktop\\koraPay_API - Copy\\node_modules\\mongodb\\src\\sdam\\topology.ts:610:30)\n    at tryOperation (C:\\Users\\MAHAMA KAMANGATE\\Desktop\\koraPay_API - Copy\\node_modules\\mongodb\\src\\operations\\execute_operation.ts:249:16)\n    at executeOperation (C:\\Users\\MAHAMA KAMANGATE\\Desktop\\koraPay_API - Copy\\node_modules\\mongodb\\src\\operations\\execute_operation.ts:109:12)\n    at FindCursor._initialize (C:\\Users\\MAHAMA KAMANGATE\\Desktop\\koraPay_API - Copy\\node_modules\\mongodb\\src\\cursor\\find_cursor.ts:72:22)\n    at FindCursor.cursorInit (C:\\Users\\MAHAMA KAMANGATE\\Desktop\\koraPay_API - Copy\\node_modules\\mongodb\\src\\cursor\\abstract_cursor.ts:722:21)\n    at FindCursor.fetchBatch (C:\\Users\\MAHAMA KAMANGATE\\Desktop\\koraPay_API - Copy\\node_modules\\mongodb\\src\\cursor\\abstract_cursor.ts:758:7)\n    at FindCursor.next (C:\\Users\\MAHAMA KAMANGATE\\Desktop\\koraPay_API - Copy\\node_modules\\mongodb\\src\\cursor\\abstract_cursor.ts:425:7)\n    at Collection.findOne (C:\\Users\\MAHAMA KAMANGATE\\Desktop\\koraPay_API - Copy\\node_modules\\mongodb\\src\\collection.ts:507:17)\n    at model.Query._findOne (C:\\Users\\MAHAMA KAMANGATE\\Desktop\\koraPay_API - Copy\\node_modules\\mongoose\\lib\\query.js:2602:15)\n    at model.Query.exec (C:\\Users\\MAHAMA KAMANGATE\\Desktop\\koraPay_API - Copy\\node_modules\\mongoose\\lib\\query.js:4412:63)","timestamp":"30-09-2024 07:03:01"}
{"level":"info","message":"Connected to Database.","timestamp":"30-09-2024 07:10:29"}
{"level":"info","message":"Server running on port: 2005","timestamp":"30-09-2024 07:10:30"}
{"data":{"destination.type":{"customErrorMessage":"bank_transfer is not a valid option","message":"destination.type must be one of [bank_account, mobile_money, wallet]"}},"error":"bad_request","level":"info","message":"Invalid data provided. Please check your input and try again.","status":false,"timestamp":"30-09-2024 07:10:49"}
{"level":"info","message":"Payout success","timestamp":"30-09-2024 07:10:49"}
{"level":"info","message":"Connected to Database.","timestamp":"30-09-2024 07:13:24"}
{"level":"info","message":"Server running on port: 2005","timestamp":"30-09-2024 07:13:25"}
{"level":"info","message":"Connected to Database.","timestamp":"30-09-2024 07:15:57"}
{"level":"info","message":"Server running on port: 2005","timestamp":"30-09-2024 07:15:58"}
{"level":"error","message":"[MongooseValidationError] => ","timestamp":"30-09-2024 07:16:27"}
{"level":"info","message":"Connected to Database.","timestamp":"30-09-2024 07:19:47"}
{"level":"info","message":"Server running on port: 2005","timestamp":"30-09-2024 07:19:47"}
{"level":"error","message":"[MongooseValidationError] => ","timestamp":"30-09-2024 07:20:14"}
{"level":"error","message":"[MongooseValidationError] => ","timestamp":"30-09-2024 07:26:35"}
{"level":"info","message":"Connected to Database.","timestamp":"30-09-2024 07:31:23"}
{"level":"info","message":"Server running on port: 2005","timestamp":"30-09-2024 07:31:23"}
{"level":"error","message":"[Unhandled Error] =>  amount is not defined","stack":"ReferenceError: amount is not defined\n    at C:\\Users\\MAHAMA KAMANGATE\\Desktop\\koraPay_API - Copy\\src\\core\\controllers\\transaction.ts:100:24\n    at Generator.next (<anonymous>)\n    at fulfilled (C:\\Users\\MAHAMA KAMANGATE\\Desktop\\koraPay_API - Copy\\src\\core\\controllers\\transaction.ts:5:58)\n    at processTicksAndRejections (node:internal/process/task_queues:95:5)","timestamp":"30-09-2024 07:32:00"}
